FILE_TYPE=LIBRARY_PARTS;
PRIMITIVE 'CLM3C_AKW_CUAVB253','CLM3C_AKW_CUAVB253_LED Moulded';
  PIN
    'K':
      PIN_NUMBER='(1)';
      NO_LOAD_CHECK=BOTH;
      NO_IO_CHECK=BOTH;
      ALLOW_CONNECT=TRUE;
      PINUSE='UNSPEC';
    'A':
      PIN_NUMBER='(2)';
      NO_LOAD_CHECK=BOTH;
      NO_IO_CHECK=BOTH;
      ALLOW_CONNECT=TRUE;
      PINUSE='UNSPEC';
  END_PIN;
  BODY
    PART_NAME='CLM3C_AKW_CUAVB253';
    PHYS_DES_PREFIX='LED';
    NO_LOAD_CHECK='TRUE';
    PIN_COUNT='2';
    BODY_NAME='CLM3C_AKW_CUAVB253';
    JEDEC_TYPE='LEDM3020X140N';
  END_BODY;
END_PRIMITIVE;
END.
